<?xml version="1.0" encoding="UTF-8"?>
<!-- Generated by org.testng.reporters.JUnitXMLReporter -->
<testsuite ignored="0" hostname="DESKTOP-59EA1U5" failures="0" tests="5" name="Default test" time="42.645" errors="0" timestamp="2022-10-19T01:11:49 ART">
  <testcase classname="TestCases.TestCase1" name="contactUs" time="6.877"/>
  <testcase classname="TestCases.TestCase1" name="contactUs" time="5.666"/>
  <testcase classname="TestCases.TestCase1" name="contactUs" time="5.738"/>
  <testcase classname="TestCases.TestCase1" name="contactUs" time="4.526"/>
  <testcase classname="TestCases.TestCase1" name="contactUs" time="5.489"/>
</testsuite> <!-- Default test -->
