<?xml version="1.0" encoding="UTF-8"?>
<!-- Generated by org.testng.reporters.JUnitXMLReporter -->
<testsuite ignored="0" hostname="DESKTOP-59EA1U5" failures="4" tests="5" name="Test on Firefox" time="23.094" errors="0" timestamp="2022-10-19T01:18:52 ART">
  <testcase classname="TestCases.TestCase1" name="contactUs" time="5.889"/>
  <testcase classname="TestCases.TestCase1" name="contactUs" time="0.099">
    <failure type="org.openqa.selenium.ElementClickInterceptedException" message="Element &amp;lt;span&amp;gt; is not clickable at point (1135,247) because another element &amp;lt;div id=&amp;quot;fancybox-overlay&amp;quot;&amp;gt; obscures it
Build info: version: &amp;apos;4.3.0&amp;apos;, revision: &amp;apos;a4995e2c09*&amp;apos;
System info: host: &amp;apos;DESKTOP-59EA1U5&amp;apos;, ip: &amp;apos;192.168.1.7&amp;apos;, os.name: &amp;apos;Windows 10&amp;apos;, os.arch: &amp;apos;amd64&amp;apos;, os.version: &amp;apos;10.0&amp;apos;, java.version: &amp;apos;18.0.1.1&amp;apos;
Driver info: org.openqa.selenium.firefox.FirefoxDriver
Command: [f00e6c96-b24f-4ed9-980c-b8d61c110e2c, clickElement {id=700d63a8-c239-4e4c-8eff-5e0e9cfe9370}]
Capabilities {acceptInsecureCerts: true, browserName: firefox, browserVersion: 105.0.3, moz:accessibilityChecks: false, moz:buildID: 20221007134813, moz:debuggerAddress: 127.0.0.1:53867, moz:geckodriverVersion: 0.31.0, moz:headless: false, moz:platformVersion: 10.0, moz:processID: 24740, moz:profile: C:\Users\user\AppData\Local..., moz:shutdownTimeout: 60000, moz:useNonSpecCompliantPointerOrigin: false, moz:webdriverClick: true, moz:windowless: false, pageLoadStrategy: normal, platformName: WINDOWS, proxy: Proxy(), se:cdp: ws://127.0.0.1:53867/devtoo..., se:cdpVersion: 85.0, setWindowRect: true, strictFileInteractability: false, timeouts: {implicit: 0, pageLoad: 300000, script: 30000}, unhandledPromptBehavior: dismiss and notify}
Element: [[FirefoxDriver: firefox on WINDOWS (f00e6c96-b24f-4ed9-980c-b8d61c110e2c)] -&amp;gt; xpath: //button[@type=&amp;apos;button&amp;apos;]/span[text()=&amp;apos;Contact us&amp;apos;]]
Session ID: f00e6c96-b24f-4ed9-980c-b8d61c110e2c">
      <![CDATA[org.openqa.selenium.ElementClickInterceptedException: Element <span> is not clickable at point (1135,247) because another element <div id="fancybox-overlay"> obscures it
Build info: version: '4.3.0', revision: 'a4995e2c09*'
System info: host: 'DESKTOP-59EA1U5', ip: '192.168.1.7', os.name: 'Windows 10', os.arch: 'amd64', os.version: '10.0', java.version: '18.0.1.1'
Driver info: org.openqa.selenium.firefox.FirefoxDriver
Command: [f00e6c96-b24f-4ed9-980c-b8d61c110e2c, clickElement {id=700d63a8-c239-4e4c-8eff-5e0e9cfe9370}]
Capabilities {acceptInsecureCerts: true, browserName: firefox, browserVersion: 105.0.3, moz:accessibilityChecks: false, moz:buildID: 20221007134813, moz:debuggerAddress: 127.0.0.1:53867, moz:geckodriverVersion: 0.31.0, moz:headless: false, moz:platformVersion: 10.0, moz:processID: 24740, moz:profile: C:\Users\user\AppData\Local..., moz:shutdownTimeout: 60000, moz:useNonSpecCompliantPointerOrigin: false, moz:webdriverClick: true, moz:windowless: false, pageLoadStrategy: normal, platformName: WINDOWS, proxy: Proxy(), se:cdp: ws://127.0.0.1:53867/devtoo..., se:cdpVersion: 85.0, setWindowRect: true, strictFileInteractability: false, timeouts: {implicit: 0, pageLoad: 300000, script: 30000}, unhandledPromptBehavior: dismiss and notify}
Element: [[FirefoxDriver: firefox on WINDOWS (f00e6c96-b24f-4ed9-980c-b8d61c110e2c)] -> xpath: //button[@type='button']/span[text()='Contact us']]
Session ID: f00e6c96-b24f-4ed9-980c-b8d61c110e2c
at org.openqa.selenium.remote.codec.w3c.W3CHttpResponseCodec.createException(W3CHttpResponseCodec.java:200)
at org.openqa.selenium.remote.codec.w3c.W3CHttpResponseCodec.decode(W3CHttpResponseCodec.java:133)
at org.openqa.selenium.remote.codec.w3c.W3CHttpResponseCodec.decode(W3CHttpResponseCodec.java:53)
at org.openqa.selenium.remote.HttpCommandExecutor.execute(HttpCommandExecutor.java:184)
at org.openqa.selenium.remote.service.DriverCommandExecutor.invokeExecute(DriverCommandExecutor.java:167)
at org.openqa.selenium.remote.service.DriverCommandExecutor.execute(DriverCommandExecutor.java:142)
at org.openqa.selenium.remote.RemoteWebDriver.execute(RemoteWebDriver.java:569)
at org.openqa.selenium.remote.RemoteWebElement.execute(RemoteWebElement.java:257)
at org.openqa.selenium.remote.RemoteWebElement.click(RemoteWebElement.java:78)
at TestCases.TestCase1.contactUs(TestCase1.java:58)
at java.base/java.util.ArrayList.forEach(ArrayList.java:1511)
at java.base/java.util.concurrent.FutureTask.run(FutureTask.java:264)
at java.base/java.util.concurrent.ThreadPoolExecutor.runWorker(ThreadPoolExecutor.java:1136)
at java.base/java.util.concurrent.ThreadPoolExecutor$Worker.run(ThreadPoolExecutor.java:635)
at java.base/java.lang.Thread.run(Thread.java:833)
... Removed 18 stack frames]]>
    </failure>
  </testcase> <!-- contactUs -->
  <testcase classname="TestCases.TestCase1" name="contactUs" time="0.147">
    <failure type="org.openqa.selenium.ElementClickInterceptedException" message="Element &amp;lt;span&amp;gt; is not clickable at point (1135,247) because another element &amp;lt;div id=&amp;quot;fancybox-overlay&amp;quot;&amp;gt; obscures it
Build info: version: &amp;apos;4.3.0&amp;apos;, revision: &amp;apos;a4995e2c09*&amp;apos;
System info: host: &amp;apos;DESKTOP-59EA1U5&amp;apos;, ip: &amp;apos;192.168.1.7&amp;apos;, os.name: &amp;apos;Windows 10&amp;apos;, os.arch: &amp;apos;amd64&amp;apos;, os.version: &amp;apos;10.0&amp;apos;, java.version: &amp;apos;18.0.1.1&amp;apos;
Driver info: org.openqa.selenium.firefox.FirefoxDriver
Command: [f00e6c96-b24f-4ed9-980c-b8d61c110e2c, clickElement {id=700d63a8-c239-4e4c-8eff-5e0e9cfe9370}]
Capabilities {acceptInsecureCerts: true, browserName: firefox, browserVersion: 105.0.3, moz:accessibilityChecks: false, moz:buildID: 20221007134813, moz:debuggerAddress: 127.0.0.1:53867, moz:geckodriverVersion: 0.31.0, moz:headless: false, moz:platformVersion: 10.0, moz:processID: 24740, moz:profile: C:\Users\user\AppData\Local..., moz:shutdownTimeout: 60000, moz:useNonSpecCompliantPointerOrigin: false, moz:webdriverClick: true, moz:windowless: false, pageLoadStrategy: normal, platformName: WINDOWS, proxy: Proxy(), se:cdp: ws://127.0.0.1:53867/devtoo..., se:cdpVersion: 85.0, setWindowRect: true, strictFileInteractability: false, timeouts: {implicit: 0, pageLoad: 300000, script: 30000}, unhandledPromptBehavior: dismiss and notify}
Element: [[FirefoxDriver: firefox on WINDOWS (f00e6c96-b24f-4ed9-980c-b8d61c110e2c)] -&amp;gt; xpath: //button[@type=&amp;apos;button&amp;apos;]/span[text()=&amp;apos;Contact us&amp;apos;]]
Session ID: f00e6c96-b24f-4ed9-980c-b8d61c110e2c">
      <![CDATA[org.openqa.selenium.ElementClickInterceptedException: Element <span> is not clickable at point (1135,247) because another element <div id="fancybox-overlay"> obscures it
Build info: version: '4.3.0', revision: 'a4995e2c09*'
System info: host: 'DESKTOP-59EA1U5', ip: '192.168.1.7', os.name: 'Windows 10', os.arch: 'amd64', os.version: '10.0', java.version: '18.0.1.1'
Driver info: org.openqa.selenium.firefox.FirefoxDriver
Command: [f00e6c96-b24f-4ed9-980c-b8d61c110e2c, clickElement {id=700d63a8-c239-4e4c-8eff-5e0e9cfe9370}]
Capabilities {acceptInsecureCerts: true, browserName: firefox, browserVersion: 105.0.3, moz:accessibilityChecks: false, moz:buildID: 20221007134813, moz:debuggerAddress: 127.0.0.1:53867, moz:geckodriverVersion: 0.31.0, moz:headless: false, moz:platformVersion: 10.0, moz:processID: 24740, moz:profile: C:\Users\user\AppData\Local..., moz:shutdownTimeout: 60000, moz:useNonSpecCompliantPointerOrigin: false, moz:webdriverClick: true, moz:windowless: false, pageLoadStrategy: normal, platformName: WINDOWS, proxy: Proxy(), se:cdp: ws://127.0.0.1:53867/devtoo..., se:cdpVersion: 85.0, setWindowRect: true, strictFileInteractability: false, timeouts: {implicit: 0, pageLoad: 300000, script: 30000}, unhandledPromptBehavior: dismiss and notify}
Element: [[FirefoxDriver: firefox on WINDOWS (f00e6c96-b24f-4ed9-980c-b8d61c110e2c)] -> xpath: //button[@type='button']/span[text()='Contact us']]
Session ID: f00e6c96-b24f-4ed9-980c-b8d61c110e2c
at org.openqa.selenium.remote.codec.w3c.W3CHttpResponseCodec.createException(W3CHttpResponseCodec.java:200)
at org.openqa.selenium.remote.codec.w3c.W3CHttpResponseCodec.decode(W3CHttpResponseCodec.java:133)
at org.openqa.selenium.remote.codec.w3c.W3CHttpResponseCodec.decode(W3CHttpResponseCodec.java:53)
at org.openqa.selenium.remote.HttpCommandExecutor.execute(HttpCommandExecutor.java:184)
at org.openqa.selenium.remote.service.DriverCommandExecutor.invokeExecute(DriverCommandExecutor.java:167)
at org.openqa.selenium.remote.service.DriverCommandExecutor.execute(DriverCommandExecutor.java:142)
at org.openqa.selenium.remote.RemoteWebDriver.execute(RemoteWebDriver.java:569)
at org.openqa.selenium.remote.RemoteWebElement.execute(RemoteWebElement.java:257)
at org.openqa.selenium.remote.RemoteWebElement.click(RemoteWebElement.java:78)
at TestCases.TestCase1.contactUs(TestCase1.java:58)
at java.base/java.util.ArrayList.forEach(ArrayList.java:1511)
at java.base/java.util.concurrent.FutureTask.run(FutureTask.java:264)
at java.base/java.util.concurrent.ThreadPoolExecutor.runWorker(ThreadPoolExecutor.java:1136)
at java.base/java.util.concurrent.ThreadPoolExecutor$Worker.run(ThreadPoolExecutor.java:635)
at java.base/java.lang.Thread.run(Thread.java:833)
... Removed 18 stack frames]]>
    </failure>
  </testcase> <!-- contactUs -->
  <testcase classname="TestCases.TestCase1" name="contactUs" time="0.165">
    <failure type="org.openqa.selenium.ElementClickInterceptedException" message="Element &amp;lt;span&amp;gt; is not clickable at point (1135,247) because another element &amp;lt;div id=&amp;quot;fancybox-overlay&amp;quot;&amp;gt; obscures it
Build info: version: &amp;apos;4.3.0&amp;apos;, revision: &amp;apos;a4995e2c09*&amp;apos;
System info: host: &amp;apos;DESKTOP-59EA1U5&amp;apos;, ip: &amp;apos;192.168.1.7&amp;apos;, os.name: &amp;apos;Windows 10&amp;apos;, os.arch: &amp;apos;amd64&amp;apos;, os.version: &amp;apos;10.0&amp;apos;, java.version: &amp;apos;18.0.1.1&amp;apos;
Driver info: org.openqa.selenium.firefox.FirefoxDriver
Command: [f00e6c96-b24f-4ed9-980c-b8d61c110e2c, clickElement {id=700d63a8-c239-4e4c-8eff-5e0e9cfe9370}]
Capabilities {acceptInsecureCerts: true, browserName: firefox, browserVersion: 105.0.3, moz:accessibilityChecks: false, moz:buildID: 20221007134813, moz:debuggerAddress: 127.0.0.1:53867, moz:geckodriverVersion: 0.31.0, moz:headless: false, moz:platformVersion: 10.0, moz:processID: 24740, moz:profile: C:\Users\user\AppData\Local..., moz:shutdownTimeout: 60000, moz:useNonSpecCompliantPointerOrigin: false, moz:webdriverClick: true, moz:windowless: false, pageLoadStrategy: normal, platformName: WINDOWS, proxy: Proxy(), se:cdp: ws://127.0.0.1:53867/devtoo..., se:cdpVersion: 85.0, setWindowRect: true, strictFileInteractability: false, timeouts: {implicit: 0, pageLoad: 300000, script: 30000}, unhandledPromptBehavior: dismiss and notify}
Element: [[FirefoxDriver: firefox on WINDOWS (f00e6c96-b24f-4ed9-980c-b8d61c110e2c)] -&amp;gt; xpath: //button[@type=&amp;apos;button&amp;apos;]/span[text()=&amp;apos;Contact us&amp;apos;]]
Session ID: f00e6c96-b24f-4ed9-980c-b8d61c110e2c">
      <![CDATA[org.openqa.selenium.ElementClickInterceptedException: Element <span> is not clickable at point (1135,247) because another element <div id="fancybox-overlay"> obscures it
Build info: version: '4.3.0', revision: 'a4995e2c09*'
System info: host: 'DESKTOP-59EA1U5', ip: '192.168.1.7', os.name: 'Windows 10', os.arch: 'amd64', os.version: '10.0', java.version: '18.0.1.1'
Driver info: org.openqa.selenium.firefox.FirefoxDriver
Command: [f00e6c96-b24f-4ed9-980c-b8d61c110e2c, clickElement {id=700d63a8-c239-4e4c-8eff-5e0e9cfe9370}]
Capabilities {acceptInsecureCerts: true, browserName: firefox, browserVersion: 105.0.3, moz:accessibilityChecks: false, moz:buildID: 20221007134813, moz:debuggerAddress: 127.0.0.1:53867, moz:geckodriverVersion: 0.31.0, moz:headless: false, moz:platformVersion: 10.0, moz:processID: 24740, moz:profile: C:\Users\user\AppData\Local..., moz:shutdownTimeout: 60000, moz:useNonSpecCompliantPointerOrigin: false, moz:webdriverClick: true, moz:windowless: false, pageLoadStrategy: normal, platformName: WINDOWS, proxy: Proxy(), se:cdp: ws://127.0.0.1:53867/devtoo..., se:cdpVersion: 85.0, setWindowRect: true, strictFileInteractability: false, timeouts: {implicit: 0, pageLoad: 300000, script: 30000}, unhandledPromptBehavior: dismiss and notify}
Element: [[FirefoxDriver: firefox on WINDOWS (f00e6c96-b24f-4ed9-980c-b8d61c110e2c)] -> xpath: //button[@type='button']/span[text()='Contact us']]
Session ID: f00e6c96-b24f-4ed9-980c-b8d61c110e2c
at org.openqa.selenium.remote.codec.w3c.W3CHttpResponseCodec.createException(W3CHttpResponseCodec.java:200)
at org.openqa.selenium.remote.codec.w3c.W3CHttpResponseCodec.decode(W3CHttpResponseCodec.java:133)
at org.openqa.selenium.remote.codec.w3c.W3CHttpResponseCodec.decode(W3CHttpResponseCodec.java:53)
at org.openqa.selenium.remote.HttpCommandExecutor.execute(HttpCommandExecutor.java:184)
at org.openqa.selenium.remote.service.DriverCommandExecutor.invokeExecute(DriverCommandExecutor.java:167)
at org.openqa.selenium.remote.service.DriverCommandExecutor.execute(DriverCommandExecutor.java:142)
at org.openqa.selenium.remote.RemoteWebDriver.execute(RemoteWebDriver.java:569)
at org.openqa.selenium.remote.RemoteWebElement.execute(RemoteWebElement.java:257)
at org.openqa.selenium.remote.RemoteWebElement.click(RemoteWebElement.java:78)
at TestCases.TestCase1.contactUs(TestCase1.java:58)
at java.base/java.util.ArrayList.forEach(ArrayList.java:1511)
at java.base/java.util.concurrent.FutureTask.run(FutureTask.java:264)
at java.base/java.util.concurrent.ThreadPoolExecutor.runWorker(ThreadPoolExecutor.java:1136)
at java.base/java.util.concurrent.ThreadPoolExecutor$Worker.run(ThreadPoolExecutor.java:635)
at java.base/java.lang.Thread.run(Thread.java:833)
... Removed 18 stack frames]]>
    </failure>
  </testcase> <!-- contactUs -->
  <testcase classname="TestCases.TestCase1" name="contactUs" time="1.471">
    <failure type="org.openqa.selenium.StaleElementReferenceException" message="The element reference of &amp;lt;span class=&amp;quot;wpcf7-not-valid-tip&amp;quot;&amp;gt; is stale; either the element is no longer attached to the DOM, it is not in the current frame context, or the document has been refreshed
For documentation on this error, please visit: https://selenium.dev/exceptions/#stale_element_reference
Build info: version: &amp;apos;4.3.0&amp;apos;, revision: &amp;apos;a4995e2c09*&amp;apos;
System info: host: &amp;apos;DESKTOP-59EA1U5&amp;apos;, ip: &amp;apos;192.168.1.7&amp;apos;, os.name: &amp;apos;Windows 10&amp;apos;, os.arch: &amp;apos;amd64&amp;apos;, os.version: &amp;apos;10.0&amp;apos;, java.version: &amp;apos;18.0.1.1&amp;apos;
Driver info: org.openqa.selenium.firefox.FirefoxDriver
Command: [f00e6c96-b24f-4ed9-980c-b8d61c110e2c, getElementText {id=c2745d0e-2705-4b7f-bf10-d45b8ee03bf2}]
Capabilities {acceptInsecureCerts: true, browserName: firefox, browserVersion: 105.0.3, moz:accessibilityChecks: false, moz:buildID: 20221007134813, moz:debuggerAddress: 127.0.0.1:53867, moz:geckodriverVersion: 0.31.0, moz:headless: false, moz:platformVersion: 10.0, moz:processID: 24740, moz:profile: C:\Users\user\AppData\Local..., moz:shutdownTimeout: 60000, moz:useNonSpecCompliantPointerOrigin: false, moz:webdriverClick: true, moz:windowless: false, pageLoadStrategy: normal, platformName: WINDOWS, proxy: Proxy(), se:cdp: ws://127.0.0.1:53867/devtoo..., se:cdpVersion: 85.0, setWindowRect: true, strictFileInteractability: false, timeouts: {implicit: 0, pageLoad: 300000, script: 30000}, unhandledPromptBehavior: dismiss and notify}
Element: [[FirefoxDriver: firefox on WINDOWS (f00e6c96-b24f-4ed9-980c-b8d61c110e2c)] -&amp;gt; xpath: //span[@class=&amp;apos;wpcf7-not-valid-tip&amp;apos;]]
Session ID: f00e6c96-b24f-4ed9-980c-b8d61c110e2c">
      <![CDATA[org.openqa.selenium.StaleElementReferenceException: The element reference of <span class="wpcf7-not-valid-tip"> is stale; either the element is no longer attached to the DOM, it is not in the current frame context, or the document has been refreshed
For documentation on this error, please visit: https://selenium.dev/exceptions/#stale_element_reference
Build info: version: '4.3.0', revision: 'a4995e2c09*'
System info: host: 'DESKTOP-59EA1U5', ip: '192.168.1.7', os.name: 'Windows 10', os.arch: 'amd64', os.version: '10.0', java.version: '18.0.1.1'
Driver info: org.openqa.selenium.firefox.FirefoxDriver
Command: [f00e6c96-b24f-4ed9-980c-b8d61c110e2c, getElementText {id=c2745d0e-2705-4b7f-bf10-d45b8ee03bf2}]
Capabilities {acceptInsecureCerts: true, browserName: firefox, browserVersion: 105.0.3, moz:accessibilityChecks: false, moz:buildID: 20221007134813, moz:debuggerAddress: 127.0.0.1:53867, moz:geckodriverVersion: 0.31.0, moz:headless: false, moz:platformVersion: 10.0, moz:processID: 24740, moz:profile: C:\Users\user\AppData\Local..., moz:shutdownTimeout: 60000, moz:useNonSpecCompliantPointerOrigin: false, moz:webdriverClick: true, moz:windowless: false, pageLoadStrategy: normal, platformName: WINDOWS, proxy: Proxy(), se:cdp: ws://127.0.0.1:53867/devtoo..., se:cdpVersion: 85.0, setWindowRect: true, strictFileInteractability: false, timeouts: {implicit: 0, pageLoad: 300000, script: 30000}, unhandledPromptBehavior: dismiss and notify}
Element: [[FirefoxDriver: firefox on WINDOWS (f00e6c96-b24f-4ed9-980c-b8d61c110e2c)] -> xpath: //span[@class='wpcf7-not-valid-tip']]
Session ID: f00e6c96-b24f-4ed9-980c-b8d61c110e2c
at org.openqa.selenium.remote.codec.w3c.W3CHttpResponseCodec.createException(W3CHttpResponseCodec.java:200)
at org.openqa.selenium.remote.codec.w3c.W3CHttpResponseCodec.decode(W3CHttpResponseCodec.java:133)
at org.openqa.selenium.remote.codec.w3c.W3CHttpResponseCodec.decode(W3CHttpResponseCodec.java:53)
at org.openqa.selenium.remote.HttpCommandExecutor.execute(HttpCommandExecutor.java:184)
at org.openqa.selenium.remote.service.DriverCommandExecutor.invokeExecute(DriverCommandExecutor.java:167)
at org.openqa.selenium.remote.service.DriverCommandExecutor.execute(DriverCommandExecutor.java:142)
at org.openqa.selenium.remote.RemoteWebDriver.execute(RemoteWebDriver.java:569)
at org.openqa.selenium.remote.RemoteWebElement.execute(RemoteWebElement.java:257)
at org.openqa.selenium.remote.RemoteWebElement.getText(RemoteWebElement.java:207)
at TestCases.TestCase1.contactUs(TestCase1.java:67)
at java.base/java.util.ArrayList.forEach(ArrayList.java:1511)
at java.base/java.util.concurrent.FutureTask.run(FutureTask.java:264)
at java.base/java.util.concurrent.ThreadPoolExecutor.runWorker(ThreadPoolExecutor.java:1136)
at java.base/java.util.concurrent.ThreadPoolExecutor$Worker.run(ThreadPoolExecutor.java:635)
at java.base/java.lang.Thread.run(Thread.java:833)
... Removed 18 stack frames]]>
    </failure>
  </testcase> <!-- contactUs -->
</testsuite> <!-- Test on Firefox -->
