<?xml version="1.0" encoding="UTF-8"?>
<!-- Generated by org.testng.reporters.JUnitXMLReporter -->
<testsuite ignored="0" hostname="DESKTOP-59EA1U5" failures="0" tests="5" name="Test on Chrome" time="47.626" errors="0" timestamp="2022-10-19T01:13:47 ART">
  <testcase classname="TestCases.TestCase1" name="contactUs" time="7.924"/>
  <testcase classname="TestCases.TestCase1" name="contactUs" time="4.98"/>
  <testcase classname="TestCases.TestCase1" name="contactUs" time="5.51"/>
  <testcase classname="TestCases.TestCase1" name="contactUs" time="4.551"/>
  <testcase classname="TestCases.TestCase1" name="contactUs" time="4.501"/>
</testsuite> <!-- Test on Chrome -->
