<?xml version="1.0" encoding="UTF-8"?>
<testng-results ignored="0" total="1" passed="1" failed="0" skipped="0">
  <reporter-output>
  </reporter-output>
  <suite started-at="2022-10-13T15:03:06 ART" name="Suite" finished-at="2022-10-13T15:03:41 ART" duration-ms="34607">
    <groups>
    </groups>
    <test started-at="2022-10-13T15:03:06 ART" name="Test on Chrome" finished-at="2022-10-13T15:03:41 ART" duration-ms="34607">
      <class name="TestCases.TestCase2">
        <test-method is-config="true" signature="beforeClass(java.lang.String,java.lang.String)[pri:0, instance:TestCases.TestCase2@4c371370]" started-at="2022-10-13T15:03:06 ART" name="beforeClass" finished-at="2022-10-13T15:03:26 ART" duration-ms="19632" status="PASS">
          <params>
            <param index="0">
              <value>
                <![CDATA[http://www.musala.com/]]>
              </value>
            </param>
            <param index="1">
              <value>
                <![CDATA[Chrome]]>
              </value>
            </param>
          </params>
          <reporter-output>
          </reporter-output>
        </test-method> <!-- beforeClass -->
        <test-method signature="company()[pri:0, instance:TestCases.TestCase2@4c371370]" started-at="2022-10-13T15:03:26 ART" name="company" finished-at="2022-10-13T15:03:41 ART" duration-ms="14931" status="PASS">
          <reporter-output>
          </reporter-output>
        </test-method> <!-- company -->
      </class> <!-- TestCases.TestCase2 -->
    </test> <!-- Test on Chrome -->
  </suite> <!-- Suite -->
</testng-results>
